<?xml version="1.0" encoding="UTF-8"?>
<!-- Generated by org.testng.reporters.JUnitReportReporter -->
<testsuite skipped="0" hostname="CTD1010" name="com.qa.FraudShare.tests.LoginPageTest" tests="8" failures="0" timestamp="22 Oct 2020 06:14:38 GMT" time="18.377" errors="0">
  <testcase name="verifyloginPageTitleTest" time="0.089" classname="com.qa.FraudShare.tests.LoginPageTest"/>
  <testcase name="verifyfraudShareLogoTest" time="0.648" classname="com.qa.FraudShare.tests.LoginPageTest"/>
  <testcase name="verifyLimraLogoTest" time="0.668" classname="com.qa.FraudShare.tests.LoginPageTest"/>
  <testcase name="verifyLomaLogoTest" time="0.652" classname="com.qa.FraudShare.tests.LoginPageTest"/>
  <testcase name="verifyLoginPageHeaderTest" time="1.351" classname="com.qa.FraudShare.tests.LoginPageTest"/>
  <testcase name="forgotUsernameLinkIsDisplayed" time="1.216" classname="com.qa.FraudShare.tests.LoginPageTest"/>
  <testcase name="forgotPasswordLinkIsDisplayed" time="1.234" classname="com.qa.FraudShare.tests.LoginPageTest"/>
  <testcase name="verifyLogintest" time="12.519" classname="com.qa.FraudShare.tests.LoginPageTest"/>
</testsuite> <!-- com.qa.FraudShare.tests.LoginPageTest -->
