<?xml version="1.0" encoding="UTF-8"?>
<!-- Generated by org.testng.reporters.JUnitReportReporter -->
<testsuite skipped="0" hostname="CTD1010" name="com.qa.FraudShare.tests.LoginPageTest" tests="8" failures="0" timestamp="21 Oct 2020 05:16:08 GMT" time="18.642" errors="0">
  <testcase name="verifyloginPageTitleTest" time="0.102" classname="com.qa.FraudShare.tests.LoginPageTest"/>
  <testcase name="verifyfraudShareLogoTest" time="0.663" classname="com.qa.FraudShare.tests.LoginPageTest"/>
  <testcase name="verifyLimraLogoTest" time="0.624" classname="com.qa.FraudShare.tests.LoginPageTest"/>
  <testcase name="verifyLomaLogoTest" time="0.599" classname="com.qa.FraudShare.tests.LoginPageTest"/>
  <testcase name="verifyLoginPageHeaderTest" time="1.289" classname="com.qa.FraudShare.tests.LoginPageTest"/>
  <testcase name="forgotUsernameLinkIsDisplayed" time="1.258" classname="com.qa.FraudShare.tests.LoginPageTest"/>
  <testcase name="forgotPasswordLinkIsDisplayed" time="1.207" classname="com.qa.FraudShare.tests.LoginPageTest"/>
  <testcase name="verifyLogintest" time="12.900" classname="com.qa.FraudShare.tests.LoginPageTest"/>
</testsuite> <!-- com.qa.FraudShare.tests.LoginPageTest -->
