<?xml version="1.0" encoding="UTF-8"?>
<!-- Generated by org.testng.reporters.JUnitReportReporter -->
<testsuite skipped="0" hostname="CTD1010" name="com.qa.FraudShare.tests.LoginPageTest" tests="8" failures="0" timestamp="12 Oct 2020 16:08:19 GMT" time="12.740" errors="0">
  <testcase name="verifyloginPageTitleTest" time="0.077" classname="com.qa.FraudShare.tests.LoginPageTest"/>
  <testcase name="verifyfraudShareLogoTest" time="0.593" classname="com.qa.FraudShare.tests.LoginPageTest"/>
  <testcase name="verifyLimraLogoTest" time="0.555" classname="com.qa.FraudShare.tests.LoginPageTest"/>
  <testcase name="verifyLomaLogoTest" time="0.565" classname="com.qa.FraudShare.tests.LoginPageTest"/>
  <testcase name="verifyLoginPageHeaderTest" time="1.220" classname="com.qa.FraudShare.tests.LoginPageTest"/>
  <testcase name="forgotUsernameLinkIsDisplayed" time="1.295" classname="com.qa.FraudShare.tests.LoginPageTest"/>
  <testcase name="forgotPasswordLinkIsDisplayed" time="1.297" classname="com.qa.FraudShare.tests.LoginPageTest"/>
  <testcase name="verifyLogintest" time="7.138" classname="com.qa.FraudShare.tests.LoginPageTest"/>
</testsuite> <!-- com.qa.FraudShare.tests.LoginPageTest -->
