<?xml version="1.0" encoding="UTF-8"?>
<!-- Generated by org.testng.reporters.JUnitReportReporter -->
<testsuite skipped="0" hostname="CTD1010" name="com.qa.FraudShare.tests.LoginPageTest" tests="8" failures="0" timestamp="28 Sep 2020 06:26:22 GMT" time="10.641" errors="0">
  <testcase name="verifyloginPageTitleTest" time="0.073" classname="com.qa.FraudShare.tests.LoginPageTest"/>
  <testcase name="verifyfraudShareLogoTest" time="0.578" classname="com.qa.FraudShare.tests.LoginPageTest"/>
  <testcase name="verifyLimraLogoTest" time="0.560" classname="com.qa.FraudShare.tests.LoginPageTest"/>
  <testcase name="verifyLomaLogoTest" time="0.552" classname="com.qa.FraudShare.tests.LoginPageTest"/>
  <testcase name="verifyLoginPageHeaderTest" time="1.077" classname="com.qa.FraudShare.tests.LoginPageTest"/>
  <testcase name="forgotUsernameLinkIsDisplayed" time="1.090" classname="com.qa.FraudShare.tests.LoginPageTest"/>
  <testcase name="forgotPasswordLinkIsDisplayed" time="1.241" classname="com.qa.FraudShare.tests.LoginPageTest"/>
  <testcase name="verifyLogintest" time="5.470" classname="com.qa.FraudShare.tests.LoginPageTest"/>
</testsuite> <!-- com.qa.FraudShare.tests.LoginPageTest -->
