<?xml version="1.0" encoding="UTF-8"?>
<!-- Generated by org.testng.reporters.JUnitReportReporter -->
<testsuite skipped="0" hostname="CTD1010" name="com.qa.FraudShare.tests.LoginPageTest" tests="8" failures="0" timestamp="28 Sep 2020 05:35:59 GMT" time="20.483" errors="0">
  <testcase name="verifyloginPageTitleTest" time="0.083" classname="com.qa.FraudShare.tests.LoginPageTest"/>
  <testcase name="verifyfraudShareLogoTest" time="0.597" classname="com.qa.FraudShare.tests.LoginPageTest"/>
  <testcase name="verifyLimraLogoTest" time="0.625" classname="com.qa.FraudShare.tests.LoginPageTest"/>
  <testcase name="verifyLomaLogoTest" time="0.639" classname="com.qa.FraudShare.tests.LoginPageTest"/>
  <testcase name="verifyLoginPageHeaderTest" time="1.376" classname="com.qa.FraudShare.tests.LoginPageTest"/>
  <testcase name="forgotUsernameLinkIsDisplayed" time="1.229" classname="com.qa.FraudShare.tests.LoginPageTest"/>
  <testcase name="forgotPasswordLinkIsDisplayed" time="1.325" classname="com.qa.FraudShare.tests.LoginPageTest"/>
  <testcase name="verifyLogintest" time="14.609" classname="com.qa.FraudShare.tests.LoginPageTest"/>
</testsuite> <!-- com.qa.FraudShare.tests.LoginPageTest -->
